2024-07-18 21:02:55,160 INFO [main] o.o.sim4da.sim4da [Simulator.java:15] sim4da V2.0 - Simulation started.
2024-07-18 21:02:55,385 DEBUG [main] o.o.sim4da.Network [Network.java:32] Registering connection for Node0
2024-07-18 21:02:55,388 DEBUG [main] o.o.sim4da.Network [Network.java:32] Registering connection for Node1
2024-07-18 21:02:55,388 DEBUG [main] o.o.sim4da.Network [Network.java:32] Registering connection for Node2
2024-07-18 21:02:55,388 DEBUG [main] o.o.sim4da.Network [Network.java:32] Registering connection for Node3
2024-07-18 21:02:55,388 DEBUG [main] o.o.sim4da.Network [Network.java:32] Registering connection for Node4
2024-07-18 21:02:55,392 DEBUG [main] o.o.sim4da.Network [Network.java:32] Registering connection for Observer
2024-07-18 21:02:58,402 DEBUG [main] Node2 [NetworkConnection.java:46] Sending message to Node3
2024-07-18 21:02:58,403 DEBUG [main] Node2 [NetworkConnection.java:46] Sending message to Node1
2024-07-18 21:02:58,404 DEBUG [main] Node2 [NetworkConnection.java:46] Sending message to Node0
2024-07-18 21:03:00,263 DEBUG [main] Node3 [NetworkConnection.java:46] Sending message to Node1
2024-07-18 21:03:00,264 DEBUG [main] Node3 [NetworkConnection.java:46] Sending message to Node0
2024-07-18 21:03:02,916 DEBUG [Thread-8] Node3 [NetworkConnection.java:41] Received message from Node2
2024-07-18 21:03:02,916 DEBUG [Thread-7] Node0 [NetworkConnection.java:41] Received message from Node2
2024-07-18 21:03:02,916 DEBUG [Thread-11] Node1 [NetworkConnection.java:41] Received message from Node2
2024-07-18 21:03:02,919 DEBUG [Thread-7] Node0 [NetworkConnection.java:41] Received message from Node3
2024-07-18 21:03:02,919 DEBUG [Thread-8] Node3 [NetworkConnection.java:46] Sending message to Node4
2024-07-18 21:03:02,920 DEBUG [Thread-9] Node4 [NetworkConnection.java:41] Received message from Node3
2024-07-18 21:03:02,920 DEBUG [Thread-8] Node3 [NetworkConnection.java:46] Sending message to Node2
2024-07-18 21:03:02,920 DEBUG [Thread-11] Node1 [NetworkConnection.java:41] Received message from Node3
2024-07-18 21:03:02,920 DEBUG [Thread-9] Node4 [NetworkConnection.java:46] Sending message to Node1
2024-07-18 21:03:02,920 DEBUG [Thread-8] Node3 [NetworkConnection.java:46] Sending message to Node1
2024-07-18 21:03:02,921 DEBUG [Thread-9] Node4 [NetworkConnection.java:46] Sending message to Node0
2024-07-18 21:03:02,921 DEBUG [Thread-11] Node1 [NetworkConnection.java:46] Sending message to Node3
2024-07-18 21:03:02,921 DEBUG [Thread-7] Node0 [NetworkConnection.java:41] Received message from Node4
2024-07-18 21:03:02,921 DEBUG [Thread-10] Node2 [NetworkConnection.java:41] Received message from Node3
2024-07-18 21:03:02,921 DEBUG [Thread-8] Node3 [NetworkConnection.java:41] Received message from Node1
2024-07-18 21:03:02,921 DEBUG [Thread-11] Node1 [NetworkConnection.java:46] Sending message to Node4
2024-07-18 21:03:02,922 DEBUG [Thread-9] Node4 [NetworkConnection.java:41] Received message from Node1
2024-07-18 21:03:02,922 DEBUG [Thread-11] Node1 [NetworkConnection.java:46] Sending message to Node0
2024-07-18 21:03:02,922 DEBUG [Thread-7] Node0 [NetworkConnection.java:41] Received message from Node1
2024-07-18 21:03:02,922 DEBUG [Thread-11] Node1 [NetworkConnection.java:41] Received message from Node4
2024-07-18 21:03:02,922 DEBUG [Thread-11] Node1 [NetworkConnection.java:41] Received message from Node3
2024-07-18 21:03:02,923 DEBUG [Thread-10] Node2 [NetworkConnection.java:46] Sending message to Node1
2024-07-18 21:03:02,924 DEBUG [Thread-10] Node2 [NetworkConnection.java:46] Sending message to Node0
2024-07-18 21:03:02,924 DEBUG [Thread-11] Node1 [NetworkConnection.java:41] Received message from Node2
2024-07-18 21:03:02,924 DEBUG [Thread-7] Node0 [NetworkConnection.java:41] Received message from Node2
2024-07-18 21:03:07,915 INFO [Thread-6] o.o.sim4da.sim4da [Simulator.java:57] sim4da V2.0 - Simulation ended.
